 WARN [2018-08-13 09:58:10,424] ({main} ZeppelinConfiguration.java[create]:117) - Failed to load configuration, proceeding with a default
 INFO [2018-08-13 09:58:10,674] ({main} ZeppelinConfiguration.java[create]:129) - Server Host: 0.0.0.0
 INFO [2018-08-13 09:58:10,674] ({main} ZeppelinConfiguration.java[create]:131) - Server Port: 8080
 INFO [2018-08-13 09:58:10,674] ({main} ZeppelinConfiguration.java[create]:135) - Context Path: /
 INFO [2018-08-13 09:58:10,678] ({main} ZeppelinConfiguration.java[create]:136) - Zeppelin Version: 0.8.0
 INFO [2018-08-13 09:58:10,748] ({main} Log.java[initialized]:186) - Logging initialized @2584ms
 INFO [2018-08-13 09:58:11,090] ({main} ZeppelinServer.java[setupWebAppContext]:387) - ZeppelinServer Webapp path: /zeppelin/webapps
 INFO [2018-08-13 09:58:11,364] ({main} ZeppelinServer.java[main]:213) - Starting zeppelin server
 INFO [2018-08-13 09:58:11,367] ({main} Server.java[doStart]:327) - jetty-9.2.15.v20160210
 INFO [2018-08-13 09:58:23,761] ({main} StandardDescriptorProcessor.java[visitServlet]:297) - NO JSP Support for /, did not find org.eclipse.jetty.jsp.JettyJspServlet
 WARN [2018-08-13 09:58:24,260] ({main} ServletHolder.java[getNameOfJspClass]:923) - Unable to make identifier for jsp rest trying rest instead
 WARN [2018-08-13 09:58:27,158] ({main} ZeppelinConfiguration.java[getConfigFSDir]:527) - zeppelin.config.fs.dir is not specified, fall back to local conf directory zeppelin.conf.dir
 WARN [2018-08-13 09:58:27,158] ({main} ZeppelinConfiguration.java[getConfigFSDir]:527) - zeppelin.config.fs.dir is not specified, fall back to local conf directory zeppelin.conf.dir
 INFO [2018-08-13 09:58:27,857] ({main} InterpreterSettingManager.java[<init>]:163) - Using RecoveryStorage: org.apache.zeppelin.interpreter.recovery.NullRecoveryStorage
 INFO [2018-08-13 09:58:27,868] ({main} InterpreterSettingManager.java[<init>]:167) - Using LifecycleManager: org.apache.zeppelin.interpreter.lifecycle.NullLifecycleManager
 INFO [2018-08-13 09:58:28,054] ({main} InterpreterSettingManager.java[registerInterpreterSetting]:423) - Register InterpreterSettingTemplate: cassandra
 INFO [2018-08-13 09:58:28,082] ({main} InterpreterSettingManager.java[registerInterpreterSetting]:423) - Register InterpreterSettingTemplate: sap
 INFO [2018-08-13 09:58:28,095] ({main} InterpreterSettingManager.java[registerInterpreterSetting]:423) - Register InterpreterSettingTemplate: sh
 INFO [2018-08-13 09:58:28,123] ({main} InterpreterSettingManager.java[registerInterpreterSetting]:423) - Register InterpreterSettingTemplate: flink
 INFO [2018-08-13 09:58:28,150] ({main} InterpreterSettingManager.java[registerInterpreterSetting]:423) - Register InterpreterSettingTemplate: kylin
 WARN [2018-08-13 09:58:28,184] ({main} InterpreterSettingManager.java[init]:329) - No interpreter-setting.json found in /zeppelin/interpreter/lib
 INFO [2018-08-13 09:58:28,197] ({main} InterpreterSettingManager.java[registerInterpreterSetting]:423) - Register InterpreterSettingTemplate: hbase
 INFO [2018-08-13 09:58:28,205] ({main} InterpreterSettingManager.java[registerInterpreterSetting]:423) - Register InterpreterSettingTemplate: bigquery
 INFO [2018-08-13 09:58:28,310] ({main} InterpreterSettingManager.java[registerInterpreterSetting]:423) - Register InterpreterSettingTemplate: neo4j
 INFO [2018-08-13 09:58:28,318] ({main} InterpreterSettingManager.java[registerInterpreterSetting]:423) - Register InterpreterSettingTemplate: alluxio
 INFO [2018-08-13 09:58:28,325] ({main} InterpreterSettingManager.java[registerInterpreterSetting]:423) - Register InterpreterSettingTemplate: angular
 INFO [2018-08-13 09:58:28,346] ({main} InterpreterSettingManager.java[registerInterpreterSetting]:423) - Register InterpreterSettingTemplate: file
 INFO [2018-08-13 09:58:28,364] ({main} InterpreterSettingManager.java[registerInterpreterSetting]:423) - Register InterpreterSettingTemplate: python
 INFO [2018-08-13 09:58:28,382] ({main} InterpreterSettingManager.java[registerInterpreterSetting]:423) - Register InterpreterSettingTemplate: livy
 INFO [2018-08-13 09:58:28,390] ({main} InterpreterSettingManager.java[registerInterpreterSetting]:423) - Register InterpreterSettingTemplate: md
 INFO [2018-08-13 09:58:28,397] ({main} InterpreterSettingManager.java[registerInterpreterSetting]:423) - Register InterpreterSettingTemplate: groovy
 WARN [2018-08-13 09:58:30,580] ({main} InterpreterSettingManager.java[init]:329) - No interpreter-setting.json found in /zeppelin/interpreter/scio
 INFO [2018-08-13 09:58:30,589] ({main} InterpreterSettingManager.java[registerInterpreterSetting]:423) - Register InterpreterSettingTemplate: lens
 INFO [2018-08-13 09:58:30,604] ({main} InterpreterSettingManager.java[registerInterpreterSetting]:423) - Register InterpreterSettingTemplate: spark
 INFO [2018-08-13 09:58:30,611] ({main} InterpreterSettingManager.java[registerInterpreterSetting]:423) - Register InterpreterSettingTemplate: pig
 WARN [2018-08-13 09:58:30,658] ({main} InterpreterSettingManager.java[init]:329) - No interpreter-setting.json found in /zeppelin/interpreter/${interpreter.name}
 INFO [2018-08-13 09:58:30,667] ({main} InterpreterSettingManager.java[registerInterpreterSetting]:423) - Register InterpreterSettingTemplate: ignite
 INFO [2018-08-13 09:58:30,690] ({main} InterpreterSettingManager.java[registerInterpreterSetting]:423) - Register InterpreterSettingTemplate: jdbc
 INFO [2018-08-13 09:58:30,703] ({main} InterpreterSettingManager.java[registerInterpreterSetting]:423) - Register InterpreterSettingTemplate: elasticsearch
 WARN [2018-08-13 09:58:30,709] ({main} LocalConfigStorage.java[loadInterpreterSettings]:60) - Interpreter Setting file /zeppelin/conf/interpreter.json is not existed
 INFO [2018-08-13 09:58:30,841] ({main} LocalConfigStorage.java[save]:53) - Save Interpreter Setting to /zeppelin/conf/interpreter.json
 INFO [2018-08-13 09:58:31,427] ({main} VfsLog.java[info]:138) - Using "/tmp/vfs_cache" as temporary files store.
 INFO [2018-08-13 09:58:31,676] ({main} GitNotebookRepo.java[<init>]:64) - Opening a git repo at '/zeppelin/notebook'
 INFO [2018-08-13 09:58:31,912] ({main} NotebookRepoSync.java[<init>]:77) - Instantiate NotebookRepo: org.apache.zeppelin.notebook.repo.GitNotebookRepo
 WARN [2018-08-13 09:58:32,401] ({main} NotebookAuthorization.java[getInstance]:86) - Notebook authorization module was called without initialization, initializing with default configuration
 WARN [2018-08-13 09:58:32,401] ({main} LocalConfigStorage.java[loadNotebookAuthorization]:77) - NotebookAuthorization file /zeppelin/conf/notebook-authorization.json is not existed
 INFO [2018-08-13 09:58:32,408] ({main} Credentials.java[loadFromFile]:121) - /zeppelin/conf/credentials.json
 INFO [2018-08-13 09:58:32,499] ({main} StdSchedulerFactory.java[instantiate]:1184) - Using default implementation for ThreadExecutor
 INFO [2018-08-13 09:58:32,540] ({main} SimpleThreadPool.java[initialize]:268) - Job execution threads will use class loader of thread: main
 INFO [2018-08-13 09:58:32,554] ({main} SchedulerSignalerImpl.java[<init>]:61) - Initialized Scheduler Signaller of type: class org.quartz.core.SchedulerSignalerImpl
 INFO [2018-08-13 09:58:32,555] ({main} QuartzScheduler.java[<init>]:240) - Quartz Scheduler v.2.2.1 created.
 INFO [2018-08-13 09:58:32,555] ({main} RAMJobStore.java[initialize]:155) - RAMJobStore initialized.
 INFO [2018-08-13 09:58:32,556] ({main} QuartzScheduler.java[initialize]:305) - Scheduler meta-data: Quartz Scheduler (v2.2.1) 'DefaultQuartzScheduler' with instanceId 'NON_CLUSTERED'
  Scheduler class: 'org.quartz.core.QuartzScheduler' - running locally.
  NOT STARTED.
  Currently in standby mode.
  Number of jobs executed: 0
  Using thread pool 'org.quartz.simpl.SimpleThreadPool' - with 10 threads.
  Using job-store 'org.quartz.simpl.RAMJobStore' - which does not support persistence. and is not clustered.

 INFO [2018-08-13 09:58:32,556] ({main} StdSchedulerFactory.java[instantiate]:1339) - Quartz scheduler 'DefaultQuartzScheduler' initialized from default resource file in Quartz package: 'quartz.properties'
 INFO [2018-08-13 09:58:32,556] ({main} StdSchedulerFactory.java[instantiate]:1343) - Quartz scheduler version: 2.2.1
 INFO [2018-08-13 09:58:32,556] ({main} QuartzScheduler.java[start]:575) - Scheduler DefaultQuartzScheduler_$_NON_CLUSTERED started.
 INFO [2018-08-13 09:58:32,558] ({main} Notebook.java[<init>]:126) - Notebook indexing started...
 INFO [2018-08-13 09:58:32,586] ({main} LuceneSearch.java[addIndexDocs]:305) - Indexing 0 notebooks took 28ms
 INFO [2018-08-13 09:58:32,591] ({main} Notebook.java[<init>]:128) - Notebook indexing finished: 0 indexed in 0s
 INFO [2018-08-13 09:58:32,593] ({main} Helium.java[loadConf]:103) - Add helium local registry /zeppelin/helium
 INFO [2018-08-13 09:58:32,602] ({main} Helium.java[loadConf]:100) - Add helium online registry https://s3.amazonaws.com/helium-package/helium.json
 WARN [2018-08-13 09:58:32,636] ({main} Helium.java[loadConf]:111) - /zeppelin/conf/helium.json does not exists
 INFO [2018-08-13 09:58:35,657] ({main} ContextHandler.java[doStart]:744) - Started o.e.j.w.WebAppContext@70beb599{/,file:/zeppelin/webapps/webapp/,AVAILABLE}{/zeppelin/zeppelin-web-0.8.0.war}
 INFO [2018-08-13 09:58:35,680] ({main} AbstractConnector.java[doStart]:266) - Started ServerConnector@4d06924{HTTP/1.1}{0.0.0.0:8080}
 INFO [2018-08-13 09:58:35,687] ({main} Server.java[doStart]:379) - Started @27526ms
 INFO [2018-08-13 09:58:35,687] ({main} ZeppelinServer.java[main]:223) - Done, zeppelin server started
 INFO [2018-08-13 11:17:22,211] ({Thread-14} ZeppelinServer.java[run]:227) - Shutting down Zeppelin Server ... 
 INFO [2018-08-13 11:17:23,957] ({Thread-14} AbstractConnector.java[doStop]:306) - Stopped ServerConnector@4d06924{HTTP/1.1}{0.0.0.0:8080}
 INFO [2018-08-13 11:17:27,179] ({Thread-14} ContextHandler.java[doStop]:865) - Stopped o.e.j.w.WebAppContext@70beb599{/,file:/zeppelin/webapps/webapp/,UNAVAILABLE}{/zeppelin/zeppelin-web-0.8.0.war}
 INFO [2018-08-13 11:17:30,105] ({Thread-17} InterpreterSetting.java[close]:483) - Close InterpreterSetting: python
 INFO [2018-08-13 11:17:30,107] ({Thread-22} InterpreterSetting.java[close]:483) - Close InterpreterSetting: jdbc
 INFO [2018-08-13 11:17:30,107] ({Thread-21} InterpreterSetting.java[close]:483) - Close InterpreterSetting: jdbc
 INFO [2018-08-13 11:17:30,109] ({Thread-26} InterpreterSetting.java[close]:483) - Close InterpreterSetting: flink
 INFO [2018-08-13 11:17:30,106] ({Thread-18} InterpreterSetting.java[close]:483) - Close InterpreterSetting: python
 INFO [2018-08-13 11:17:30,105] ({Thread-20} InterpreterSetting.java[close]:483) - Close InterpreterSetting: sap
 INFO [2018-08-13 11:17:30,105] ({Thread-19} InterpreterSetting.java[close]:483) - Close InterpreterSetting: sap
 INFO [2018-08-13 11:17:30,105] ({Thread-15} InterpreterSetting.java[close]:483) - Close InterpreterSetting: ignite
 INFO [2018-08-13 11:17:30,105] ({Thread-16} InterpreterSetting.java[close]:483) - Close InterpreterSetting: ignite
 INFO [2018-08-13 11:17:30,115] ({Thread-36} InterpreterSetting.java[close]:483) - Close InterpreterSetting: groovy
 INFO [2018-08-13 11:17:30,115] ({Thread-38} InterpreterSetting.java[close]:483) - Close InterpreterSetting: groovy
 INFO [2018-08-13 11:17:30,115] ({Thread-37} InterpreterSetting.java[close]:483) - Close InterpreterSetting: file
 INFO [2018-08-13 11:17:30,118] ({Thread-40} InterpreterSetting.java[close]:483) - Close InterpreterSetting: elasticsearch
 INFO [2018-08-13 11:17:30,114] ({Thread-34} InterpreterSetting.java[close]:483) - Close InterpreterSetting: file
 INFO [2018-08-13 11:17:30,114] ({Thread-35} InterpreterSetting.java[close]:483) - Close InterpreterSetting: neo4j
 INFO [2018-08-13 11:17:30,114] ({Thread-33} InterpreterSetting.java[close]:483) - Close InterpreterSetting: neo4j
 INFO [2018-08-13 11:17:30,114] ({Thread-32} InterpreterSetting.java[close]:483) - Close InterpreterSetting: livy
 INFO [2018-08-13 11:17:30,112] ({Thread-31} InterpreterSetting.java[close]:483) - Close InterpreterSetting: livy
 INFO [2018-08-13 11:17:30,110] ({Thread-28} InterpreterSetting.java[close]:483) - Close InterpreterSetting: flink
 INFO [2018-08-13 11:17:30,110] ({Thread-30} InterpreterSetting.java[close]:483) - Close InterpreterSetting: angular
 INFO [2018-08-13 11:17:30,107] ({Thread-23} InterpreterSetting.java[close]:483) - Close InterpreterSetting: lens
 INFO [2018-08-13 11:17:30,107] ({Thread-24} InterpreterSetting.java[close]:483) - Close InterpreterSetting: lens
 INFO [2018-08-13 11:17:30,109] ({Thread-29} InterpreterSetting.java[close]:483) - Close InterpreterSetting: angular
 INFO [2018-08-13 11:17:30,109] ({Thread-25} InterpreterSetting.java[close]:483) - Close InterpreterSetting: pig
 INFO [2018-08-13 11:17:30,109] ({Thread-27} InterpreterSetting.java[close]:483) - Close InterpreterSetting: pig
 INFO [2018-08-13 11:17:30,810] ({Thread-56} InterpreterSetting.java[close]:483) - Close InterpreterSetting: kylin
 INFO [2018-08-13 11:17:30,809] ({Thread-55} InterpreterSetting.java[close]:483) - Close InterpreterSetting: hbase
 INFO [2018-08-13 11:17:30,809] ({Thread-49} InterpreterSetting.java[close]:483) - Close InterpreterSetting: alluxio
 INFO [2018-08-13 11:17:30,809] ({Thread-54} InterpreterSetting.java[close]:483) - Close InterpreterSetting: bigquery
 INFO [2018-08-13 11:17:30,809] ({Thread-45} InterpreterSetting.java[close]:483) - Close InterpreterSetting: spark
 INFO [2018-08-13 11:17:30,809] ({Thread-52} InterpreterSetting.java[close]:483) - Close InterpreterSetting: hbase
 INFO [2018-08-13 11:17:30,809] ({Thread-48} InterpreterSetting.java[close]:483) - Close InterpreterSetting: md
 INFO [2018-08-13 11:17:30,809] ({Thread-53} InterpreterSetting.java[close]:483) - Close InterpreterSetting: kylin
 INFO [2018-08-13 11:17:30,809] ({Thread-51} InterpreterSetting.java[close]:483) - Close InterpreterSetting: bigquery
 INFO [2018-08-13 11:17:30,808] ({Thread-50} InterpreterSetting.java[close]:483) - Close InterpreterSetting: alluxio
 INFO [2018-08-13 11:17:30,808] ({Thread-47} InterpreterSetting.java[close]:483) - Close InterpreterSetting: md
 INFO [2018-08-13 11:17:30,808] ({Thread-46} InterpreterSetting.java[close]:483) - Close InterpreterSetting: spark
 INFO [2018-08-13 11:17:30,808] ({Thread-44} InterpreterSetting.java[close]:483) - Close InterpreterSetting: sh
 INFO [2018-08-13 11:17:30,808] ({Thread-43} InterpreterSetting.java[close]:483) - Close InterpreterSetting: sh
 INFO [2018-08-13 11:17:30,120] ({Thread-39} InterpreterSetting.java[close]:483) - Close InterpreterSetting: elasticsearch
 INFO [2018-08-13 11:17:30,119] ({Thread-41} InterpreterSetting.java[close]:483) - Close InterpreterSetting: cassandra
 INFO [2018-08-13 11:17:30,119] ({Thread-42} InterpreterSetting.java[close]:483) - Close InterpreterSetting: cassandra
 INFO [2018-08-13 11:17:30,826] ({Thread-14} NotebookRepoSync.java[close]:428) - Closing all notebook storages
