 WARN [2018-08-13 12:54:15,299] ({main} ZeppelinConfiguration.java[create]:117) - Failed to load configuration, proceeding with a default
 INFO [2018-08-13 12:54:15,474] ({main} ZeppelinConfiguration.java[create]:129) - Server Host: 0.0.0.0
 INFO [2018-08-13 12:54:15,474] ({main} ZeppelinConfiguration.java[create]:131) - Server Port: 8080
 INFO [2018-08-13 12:54:15,474] ({main} ZeppelinConfiguration.java[create]:135) - Context Path: /
 INFO [2018-08-13 12:54:15,478] ({main} ZeppelinConfiguration.java[create]:136) - Zeppelin Version: 0.8.0
 INFO [2018-08-13 12:54:15,605] ({main} Log.java[initialized]:186) - Logging initialized @2292ms
 INFO [2018-08-13 12:54:15,870] ({main} ZeppelinServer.java[setupWebAppContext]:387) - ZeppelinServer Webapp path: /zeppelin/webapps
 INFO [2018-08-13 12:54:16,268] ({main} ZeppelinServer.java[main]:213) - Starting zeppelin server
 INFO [2018-08-13 12:54:16,270] ({main} Server.java[doStart]:327) - jetty-9.2.15.v20160210
 INFO [2018-08-13 12:54:23,120] ({main} StandardDescriptorProcessor.java[visitServlet]:297) - NO JSP Support for /, did not find org.eclipse.jetty.jsp.JettyJspServlet
 WARN [2018-08-13 12:54:23,300] ({main} ServletHolder.java[getNameOfJspClass]:923) - Unable to make identifier for jsp rest trying rest instead
 WARN [2018-08-13 12:54:25,023] ({main} ZeppelinConfiguration.java[getConfigFSDir]:527) - zeppelin.config.fs.dir is not specified, fall back to local conf directory zeppelin.conf.dir
 WARN [2018-08-13 12:54:25,024] ({main} ZeppelinConfiguration.java[getConfigFSDir]:527) - zeppelin.config.fs.dir is not specified, fall back to local conf directory zeppelin.conf.dir
 INFO [2018-08-13 12:54:25,395] ({main} InterpreterSettingManager.java[<init>]:163) - Using RecoveryStorage: org.apache.zeppelin.interpreter.recovery.NullRecoveryStorage
 INFO [2018-08-13 12:54:25,396] ({main} InterpreterSettingManager.java[<init>]:167) - Using LifecycleManager: org.apache.zeppelin.interpreter.lifecycle.NullLifecycleManager
 INFO [2018-08-13 12:54:25,536] ({main} InterpreterSettingManager.java[registerInterpreterSetting]:423) - Register InterpreterSettingTemplate: cassandra
 INFO [2018-08-13 12:54:25,591] ({main} InterpreterSettingManager.java[registerInterpreterSetting]:423) - Register InterpreterSettingTemplate: sap
 INFO [2018-08-13 12:54:25,616] ({main} InterpreterSettingManager.java[registerInterpreterSetting]:423) - Register InterpreterSettingTemplate: sh
 INFO [2018-08-13 12:54:25,621] ({main} InterpreterSettingManager.java[registerInterpreterSetting]:423) - Register InterpreterSettingTemplate: flink
 INFO [2018-08-13 12:54:25,634] ({main} InterpreterSettingManager.java[registerInterpreterSetting]:423) - Register InterpreterSettingTemplate: kylin
 WARN [2018-08-13 12:54:25,684] ({main} InterpreterSettingManager.java[init]:329) - No interpreter-setting.json found in /zeppelin/interpreter/lib
 INFO [2018-08-13 12:54:25,686] ({main} InterpreterSettingManager.java[registerInterpreterSetting]:423) - Register InterpreterSettingTemplate: hbase
 INFO [2018-08-13 12:54:25,688] ({main} InterpreterSettingManager.java[registerInterpreterSetting]:423) - Register InterpreterSettingTemplate: bigquery
 INFO [2018-08-13 12:54:25,729] ({main} InterpreterSettingManager.java[registerInterpreterSetting]:423) - Register InterpreterSettingTemplate: neo4j
 INFO [2018-08-13 12:54:25,732] ({main} InterpreterSettingManager.java[registerInterpreterSetting]:423) - Register InterpreterSettingTemplate: alluxio
 INFO [2018-08-13 12:54:25,736] ({main} InterpreterSettingManager.java[registerInterpreterSetting]:423) - Register InterpreterSettingTemplate: angular
 INFO [2018-08-13 12:54:25,740] ({main} InterpreterSettingManager.java[registerInterpreterSetting]:423) - Register InterpreterSettingTemplate: file
 INFO [2018-08-13 12:54:25,743] ({main} InterpreterSettingManager.java[registerInterpreterSetting]:423) - Register InterpreterSettingTemplate: python
 INFO [2018-08-13 12:54:25,753] ({main} InterpreterSettingManager.java[registerInterpreterSetting]:423) - Register InterpreterSettingTemplate: livy
 INFO [2018-08-13 12:54:25,804] ({main} InterpreterSettingManager.java[registerInterpreterSetting]:423) - Register InterpreterSettingTemplate: md
 INFO [2018-08-13 12:54:25,873] ({main} InterpreterSettingManager.java[registerInterpreterSetting]:423) - Register InterpreterSettingTemplate: groovy
 WARN [2018-08-13 12:54:26,929] ({main} InterpreterSettingManager.java[init]:329) - No interpreter-setting.json found in /zeppelin/interpreter/scio
 INFO [2018-08-13 12:54:26,931] ({main} InterpreterSettingManager.java[registerInterpreterSetting]:423) - Register InterpreterSettingTemplate: lens
 INFO [2018-08-13 12:54:26,934] ({main} InterpreterSettingManager.java[registerInterpreterSetting]:423) - Register InterpreterSettingTemplate: spark
 INFO [2018-08-13 12:54:26,937] ({main} InterpreterSettingManager.java[registerInterpreterSetting]:423) - Register InterpreterSettingTemplate: pig
 WARN [2018-08-13 12:54:26,941] ({main} InterpreterSettingManager.java[init]:329) - No interpreter-setting.json found in /zeppelin/interpreter/${interpreter.name}
 INFO [2018-08-13 12:54:26,974] ({main} InterpreterSettingManager.java[registerInterpreterSetting]:423) - Register InterpreterSettingTemplate: ignite
 INFO [2018-08-13 12:54:27,023] ({main} InterpreterSettingManager.java[registerInterpreterSetting]:423) - Register InterpreterSettingTemplate: jdbc
 INFO [2018-08-13 12:54:27,108] ({main} InterpreterSettingManager.java[registerInterpreterSetting]:423) - Register InterpreterSettingTemplate: elasticsearch
 WARN [2018-08-13 12:54:27,121] ({main} LocalConfigStorage.java[loadInterpreterSettings]:60) - Interpreter Setting file /zeppelin/conf/interpreter.json is not existed
 INFO [2018-08-13 12:54:27,215] ({main} LocalConfigStorage.java[save]:53) - Save Interpreter Setting to /zeppelin/conf/interpreter.json
 INFO [2018-08-13 12:54:28,206] ({main} VfsLog.java[info]:138) - Using "/tmp/vfs_cache" as temporary files store.
 INFO [2018-08-13 12:54:28,639] ({main} GitNotebookRepo.java[<init>]:64) - Opening a git repo at '/zeppelin/notebook'
 INFO [2018-08-13 12:54:29,314] ({main} NotebookRepoSync.java[<init>]:77) - Instantiate NotebookRepo: org.apache.zeppelin.notebook.repo.GitNotebookRepo
 WARN [2018-08-13 12:54:30,491] ({main} NotebookAuthorization.java[getInstance]:86) - Notebook authorization module was called without initialization, initializing with default configuration
 WARN [2018-08-13 12:54:30,493] ({main} LocalConfigStorage.java[loadNotebookAuthorization]:77) - NotebookAuthorization file /zeppelin/conf/notebook-authorization.json is not existed
 INFO [2018-08-13 12:54:30,520] ({main} Credentials.java[loadFromFile]:121) - /zeppelin/conf/credentials.json
 INFO [2018-08-13 12:54:31,022] ({main} StdSchedulerFactory.java[instantiate]:1184) - Using default implementation for ThreadExecutor
 INFO [2018-08-13 12:54:31,211] ({main} SimpleThreadPool.java[initialize]:268) - Job execution threads will use class loader of thread: main
 INFO [2018-08-13 12:54:31,276] ({main} SchedulerSignalerImpl.java[<init>]:61) - Initialized Scheduler Signaller of type: class org.quartz.core.SchedulerSignalerImpl
 INFO [2018-08-13 12:54:31,283] ({main} QuartzScheduler.java[<init>]:240) - Quartz Scheduler v.2.2.1 created.
 INFO [2018-08-13 12:54:31,284] ({main} RAMJobStore.java[initialize]:155) - RAMJobStore initialized.
 INFO [2018-08-13 12:54:31,312] ({main} QuartzScheduler.java[initialize]:305) - Scheduler meta-data: Quartz Scheduler (v2.2.1) 'DefaultQuartzScheduler' with instanceId 'NON_CLUSTERED'
  Scheduler class: 'org.quartz.core.QuartzScheduler' - running locally.
  NOT STARTED.
  Currently in standby mode.
  Number of jobs executed: 0
  Using thread pool 'org.quartz.simpl.SimpleThreadPool' - with 10 threads.
  Using job-store 'org.quartz.simpl.RAMJobStore' - which does not support persistence. and is not clustered.

 INFO [2018-08-13 12:54:31,320] ({main} StdSchedulerFactory.java[instantiate]:1339) - Quartz scheduler 'DefaultQuartzScheduler' initialized from default resource file in Quartz package: 'quartz.properties'
 INFO [2018-08-13 12:54:31,321] ({main} StdSchedulerFactory.java[instantiate]:1343) - Quartz scheduler version: 2.2.1
 INFO [2018-08-13 12:54:31,321] ({main} QuartzScheduler.java[start]:575) - Scheduler DefaultQuartzScheduler_$_NON_CLUSTERED started.
 INFO [2018-08-13 12:54:31,324] ({main} Notebook.java[<init>]:126) - Notebook indexing started...
 INFO [2018-08-13 12:54:31,429] ({main} LuceneSearch.java[addIndexDocs]:305) - Indexing 0 notebooks took 104ms
 INFO [2018-08-13 12:54:31,429] ({main} Notebook.java[<init>]:128) - Notebook indexing finished: 0 indexed in 0s
 INFO [2018-08-13 12:54:31,431] ({main} Helium.java[loadConf]:103) - Add helium local registry /zeppelin/helium
 INFO [2018-08-13 12:54:31,454] ({main} Helium.java[loadConf]:100) - Add helium online registry https://s3.amazonaws.com/helium-package/helium.json
 WARN [2018-08-13 12:54:31,497] ({main} Helium.java[loadConf]:111) - /zeppelin/conf/helium.json does not exists
 INFO [2018-08-13 12:54:38,489] ({main} ContextHandler.java[doStart]:744) - Started o.e.j.w.WebAppContext@70beb599{/,file:/zeppelin/webapps/webapp/,AVAILABLE}{/zeppelin/zeppelin-web-0.8.0.war}
 INFO [2018-08-13 12:54:40,137] ({main} AbstractConnector.java[doStart]:266) - Started ServerConnector@b0e3e9e{HTTP/1.1}{0.0.0.0:8080}
 INFO [2018-08-13 12:54:40,137] ({main} Server.java[doStart]:379) - Started @26828ms
 INFO [2018-08-13 12:54:40,137] ({main} ZeppelinServer.java[main]:223) - Done, zeppelin server started
